<?xml version="1.0" encoding="UTF-8"?>
<testng-results skipped="0" failed="0" total="1" passed="1">
  <reporter-output>
  </reporter-output>
  <suite name="loginNGTest" duration-ms="247" started-at="2017-09-21T09:51:39Z" finished-at="2017-09-21T09:51:39Z">
    <groups>
    </groups>
    <test name="Command line test" duration-ms="247" started-at="2017-09-21T09:51:39Z" finished-at="2017-09-21T09:51:39Z">
      <class name="loginNGTest">
        <test-method status="PASS" signature="setUpClass()[pri:0, instance:loginNGTest@4563e9ab]" name="setUpClass" is-config="true" duration-ms="15" started-at="2017-09-21T14:51:39Z" finished-at="2017-09-21T14:51:39Z">
          <reporter-output>
          </reporter-output>
        </test-method> <!-- setUpClass -->
        <test-method status="PASS" signature="testMain()[pri:0, instance:loginNGTest@4563e9ab]" name="testMain" duration-ms="232" started-at="2017-09-21T14:51:39Z" finished-at="2017-09-21T14:51:39Z">
          <reporter-output>
          </reporter-output>
        </test-method> <!-- testMain -->
        <test-method status="PASS" signature="setUpMethod()[pri:0, instance:loginNGTest@4563e9ab]" name="setUpMethod" is-config="true" duration-ms="0" started-at="2017-09-21T14:51:39Z" finished-at="2017-09-21T14:51:39Z">
          <reporter-output>
          </reporter-output>
        </test-method> <!-- setUpMethod -->
        <test-method status="PASS" signature="tearDownClass()[pri:0, instance:loginNGTest@4563e9ab]" name="tearDownClass" is-config="true" duration-ms="0" started-at="2017-09-21T14:51:39Z" finished-at="2017-09-21T14:51:39Z">
          <reporter-output>
          </reporter-output>
        </test-method> <!-- tearDownClass -->
        <test-method status="PASS" signature="tearDownMethod()[pri:0, instance:loginNGTest@4563e9ab]" name="tearDownMethod" is-config="true" duration-ms="0" started-at="2017-09-21T14:51:39Z" finished-at="2017-09-21T14:51:39Z">
          <reporter-output>
          </reporter-output>
        </test-method> <!-- tearDownMethod -->
      </class> <!-- loginNGTest -->
    </test> <!-- Command line test -->
  </suite> <!-- loginNGTest -->
</testng-results>
